[Error  :   BepInEx] Unable to start Unity log writer
[Message:   BepInEx] BepInEx 5.4.23.3 - PEAK (7/21/2025 5:56:29 PM)
[Info   :   BepInEx] Running under Unity v6000.0.36.10478517
[Info   :   BepInEx] CLR runtime version: 4.0.30319.42000
[Info   :   BepInEx] Supports SRE: True
[Info   :   BepInEx] System platform: Bits64, Windows
[Message:   BepInEx] Preloader started
[Info   :   BepInEx] Loaded 1 patcher method from [BepInEx.Preloader 5.4.23.3]
[Info   :   BepInEx] 1 patcher plugin loaded
[Info   :   BepInEx] Patching [UnityEngine.CoreModule] with [BepInEx.Chainloader]
[Message:   BepInEx] Preloader finished
[Message:   BepInEx] Chainloader ready
[Message:   BepInEx] Chainloader started
[Info   :   BepInEx] 24 plugins to load
[Info   :   BepInEx] Loading [BetterRagdoll 0.1.0]
[Info   :BetterRagdoll] [BetterRagdoll] Plugin loaded.
[Info   :   BepInEx] Loading [PEAKFastStartup 1.1.2]
[Info   :PEAKFastStartup] Plugin com.CTNOriginals.peak.PEAKFastStartup 1.1.2 is loaded! (Release)
[Info   :   BepInEx] Loading [GhostPing 0.1.1]
[Info   : GhostPing] Plugin GhostPing is loaded!
[Info   :   BepInEx] Loading [DanceTillYouDrop 0.2.0]
[Info   :DanceTillYouDrop] Plugin DanceTillYouDrop is loaded!
[Info   :DanceTillYouDrop] DanceTillYouDrop CharacterUpdateLogic found! 561
[Info   :   BepInEx] Loading [FixUnlimitedEndScreen 1.0.0]
[Info   :   BepInEx] Loading [Settings Extender Forked 0.1.4]
[Info   :Settings Extender Forked] Plugin com.pharmacomaniac.settingsextenderforked is loaded!
[Info   :   BepInEx] Loading [PhotonCustomPropsUtils 1.1.0]
[Info   :   BepInEx] Loading [SkinColorSliders 1.5.0]
[Info   :   BepInEx] Loading [TerrainRandomiser 0.2.4]
[Info   :   BepInEx] Loading [StaminaStats 1.1.5]
[Info   :StaminaStats] Plugin StaminaStats v1.1.5 loaded
[Info   :   BepInEx] Loading [More custom hats 1.0.0]
[Info   :   BepInEx] Loading [MoreCustomizations 1.1.6]
[Info   :MoreCustomizations] Found 2 possible contents.
[Info   :MoreCustomizations] Asset bundle 'manycustoms' loaded! (\FishTank-ManyManyHats\manycustoms.pcab)
[Info   :MoreCustomizations] Catalog list :
[Info   :MoreCustomizations] - assets/customisations/accesories/angy_a.asset
[Info   :MoreCustomizations] - assets/customisations/accesories/angy_a.png
[Info   :MoreCustomizations] - assets/customisations/accesories/animal_a.asset
[Info   :MoreCustomizations] - assets/customisations/accesories/animal_a.png
[Info   :MoreCustomizations] - assets/customisations/accesories/bandaid_a.asset
[Info   :MoreCustomizations] - assets/customisations/accesories/bandaid_a.png
[Info   :MoreCustomizations] - assets/customisations/accesories/blushy_a.asset
[Info   :MoreCustomizations] - assets/customisations/accesories/blushy_a.png
[Info   :MoreCustomizations] - assets/customisations/accesories/bugface_a.asset
[Info   :MoreCustomizations] - assets/customisations/accesories/bugface_a.png
[Info   :MoreCustomizations] - assets/customisations/accesories/censor_a.asset
[Info   :MoreCustomizations] - assets/customisations/accesories/censor_a.png
[Info   :MoreCustomizations] - assets/customisations/accesories/cucumber_a.asset
[Info   :MoreCustomizations] - assets/customisations/accesories/cucumber_a.png
[Info   :MoreCustomizations] - assets/customisations/accesories/dognose_a.asset
[Info   :MoreCustomizations] - assets/customisations/accesories/dognose_a.png
[Info   :MoreCustomizations] - assets/customisations/accesories/emo_a.asset
[Info   :MoreCustomizations] - assets/customisations/accesories/emo_a.png
[Info   :MoreCustomizations] - assets/customisations/accesories/freckles_a.asset
[Info   :MoreCustomizations] - assets/customisations/accesories/freckles_a.png
[Info   :MoreCustomizations] - assets/customisations/accesories/lowglasses_a.asset
[Info   :MoreCustomizations] - assets/customisations/accesories/lowglasses_a.png
[Info   :MoreCustomizations] - assets/customisations/accesories/mask_a.asset
[Info   :MoreCustomizations] - assets/customisations/accesories/mask_a.png
[Info   :MoreCustomizations] - assets/customisations/accesories/meyepatch_a 2.asset
[Info   :MoreCustomizations] - assets/customisations/accesories/meyepatch_a.png
[Info   :MoreCustomizations] - assets/customisations/accesories/monocle_a.asset
[Info   :MoreCustomizations] - assets/customisations/accesories/monocle_a.png
[Info   :MoreCustomizations] - assets/customisations/accesories/mustache_a.asset
[Info   :MoreCustomizations] - assets/customisations/accesories/mustache_a.png
[Info   :MoreCustomizations] - assets/customisations/accesories/retroglasses_a.asset
[Info   :MoreCustomizations] - assets/customisations/accesories/retroglasses_a.png
[Info   :MoreCustomizations] - assets/customisations/accesories/smooch_a.asset
[Info   :MoreCustomizations] - assets/customisations/accesories/smooch_a.png
[Info   :MoreCustomizations] - assets/customisations/accesories/sweatdrop_a.asset
[Info   :MoreCustomizations] - assets/customisations/accesories/sweatdrop_a.png
[Info   :MoreCustomizations] - assets/customisations/accesories/thirdeye_a 2.asset
[Info   :MoreCustomizations] - assets/customisations/accesories/thirdeye_a.png
[Info   :MoreCustomizations] - assets/customisations/accesories/whishers_a.png
[Info   :MoreCustomizations] - assets/customisations/accesories/whiskers_a.asset
[Info   :MoreCustomizations] - assets/customisations/eyes/anime_e 2.asset
[Info   :MoreCustomizations] - assets/customisations/eyes/anime_e.png
[Info   :MoreCustomizations] - assets/customisations/eyes/blank_e.asset
[Info   :MoreCustomizations] - assets/customisations/eyes/blank_e.png
[Info   :MoreCustomizations] - assets/customisations/eyes/bug2_e.asset
[Info   :MoreCustomizations] - assets/customisations/eyes/bug2_e.png
[Info   :MoreCustomizations] - assets/customisations/eyes/bug_e.asset
[Info   :MoreCustomizations] - assets/customisations/eyes/bug_e.png
[Info   :MoreCustomizations] - assets/customisations/eyes/chameleon_e.asset
[Info   :MoreCustomizations] - assets/customisations/eyes/chameleon_e.png
[Info   :MoreCustomizations] - assets/customisations/eyes/heavy_e.asset
[Info   :MoreCustomizations] - assets/customisations/eyes/heavy_e.png
[Info   :MoreCustomizations] - assets/customisations/eyes/oval_e.asset
[Info   :MoreCustomizations] - assets/customisations/eyes/oval_e.png
[Info   :MoreCustomizations] - assets/customisations/eyes/sadinv_e.asset
[Info   :MoreCustomizations] - assets/customisations/eyes/sadinv_e.png
[Info   :MoreCustomizations] - assets/customisations/eyes/smol_e.asset
[Info   :MoreCustomizations] - assets/customisations/eyes/smol_e.png
[Info   :MoreCustomizations] - assets/customisations/eyes/smolcute_e.asset
[Info   :MoreCustomizations] - assets/customisations/eyes/smolcute_e.png
[Info   :MoreCustomizations] - assets/customisations/eyes/tired_e.asset
[Info   :MoreCustomizations] - assets/customisations/eyes/tired_e.png
[Info   :MoreCustomizations] - assets/customisations/eyes/wide_e.asset
[Info   :MoreCustomizations] - assets/customisations/eyes/wide_e.png
[Info   :MoreCustomizations] - assets/customisations/mouths/bigsmile_m.asset
[Info   :MoreCustomizations] - assets/customisations/mouths/bigsmile_m.png
[Info   :MoreCustomizations] - assets/customisations/mouths/biiigsmile_m.asset
[Info   :MoreCustomizations] - assets/customisations/mouths/biiigsmile_m.png
[Info   :MoreCustomizations] - assets/customisations/mouths/blep_m.asset
[Info   :MoreCustomizations] - assets/customisations/mouths/blep_m.png
[Info   :MoreCustomizations] - assets/customisations/mouths/bun_m.asset
[Info   :MoreCustomizations] - assets/customisations/mouths/bun_m.png
[Info   :MoreCustomizations] - assets/customisations/mouths/cheekpuff_m.asset
[Info   :MoreCustomizations] - assets/customisations/mouths/cheekpuff_m.png
[Info   :MoreCustomizations] - assets/customisations/mouths/curly_m.asset
[Info   :MoreCustomizations] - assets/customisations/mouths/curly_m.png
[Info   :MoreCustomizations] - assets/customisations/mouths/detailed_m.asset
[Info   :MoreCustomizations] - assets/customisations/mouths/detailed_m.png
[Info   :MoreCustomizations] - assets/customisations/mouths/fish_m.asset
[Info   :MoreCustomizations] - assets/customisations/mouths/fish_m.png
[Info   :MoreCustomizations] - assets/customisations/mouths/gasp_m.asset
[Info   :MoreCustomizations] - assets/customisations/mouths/gasp_m.png
[Info   :MoreCustomizations] - assets/customisations/mouths/goober_m.asset
[Info   :MoreCustomizations] - assets/customisations/mouths/goober_m.png
[Info   :MoreCustomizations] - assets/customisations/mouths/heart_m.asset
[Info   :MoreCustomizations] - assets/customisations/mouths/heart_m.png
[Info   :MoreCustomizations] - assets/customisations/mouths/neutral_m.asset
[Info   :MoreCustomizations] - assets/customisations/mouths/neutral_m.png
[Info   :MoreCustomizations] - assets/customisations/mouths/pouty_m.asset
[Info   :MoreCustomizations] - assets/customisations/mouths/pouty_m.png
[Info   :MoreCustomizations] - assets/customisations/mouths/serious_m.asset
[Info   :MoreCustomizations] - assets/customisations/mouths/serious_m.png
[Info   :MoreCustomizations] - assets/customisations/mouths/shock_m.asset
[Info   :MoreCustomizations] - assets/customisations/mouths/shock_m.png
[Info   :MoreCustomizations] - assets/customisations/mouths/stitch_m.asset
[Info   :MoreCustomizations] - assets/customisations/mouths/stitch_m.png
[Info   :MoreCustomizations] - assets/customisations/mouths/teeth_m.asset
[Info   :MoreCustomizations] - assets/customisations/mouths/teeth_m.png
[Info   :MoreCustomizations] - assets/customisations/mouths/v_m.asset
[Info   :MoreCustomizations] - assets/customisations/mouths/v_m.png
[Info   :MoreCustomizations] Asset bundle 'built-in' loaded! (\cretapark-More_Customizations\MoreCustomizations\built-in.pcab)
[Info   :MoreCustomizations] Catalog list :
[Info   :MoreCustomizations] - assets/built-in/accessories/ac_nose.asset
[Info   :MoreCustomizations] - assets/built-in/accessories/ac_nose.png
[Info   :MoreCustomizations] - assets/built-in/accessories/beard.asset
[Info   :MoreCustomizations] - assets/built-in/accessories/beard.png
[Info   :MoreCustomizations] - assets/built-in/eyes/ac_eye.asset
[Info   :MoreCustomizations] - assets/built-in/eyes/ac_eye.png
[Info   :MoreCustomizations] - assets/built-in/eyes/goat_eye.asset
[Info   :MoreCustomizations] - assets/built-in/eyes/goat_eye.png
[Info   :MoreCustomizations] - assets/built-in/eyes/incisive_eye.asset
[Info   :MoreCustomizations] - assets/built-in/eyes/incisive_eye.png
[Info   :MoreCustomizations] - assets/built-in/hats/horn.asset
[Info   :MoreCustomizations] - assets/built-in/hats/horn_base_texture.png
[Info   :MoreCustomizations] - assets/built-in/hats/horn_icon.png
[Info   :MoreCustomizations] - assets/built-in/hats/horn_prefab.fbx
[Info   :MoreCustomizations] Loading 56 customizations...
[Info   :MoreCustomizations] Loaded '-2050390272_angy_a'!
[Info   :MoreCustomizations] Loaded '-2050390272_animal_a'!
[Info   :MoreCustomizations] Loaded '-2050390272_bandaid_a'!
[Info   :MoreCustomizations] Loaded '-2050390272_blushy_a'!
[Info   :MoreCustomizations] Loaded '-2050390272_bugface_a'!
[Info   :MoreCustomizations] Loaded '-2050390272_censor_a'!
[Info   :MoreCustomizations] Loaded '-2050390272_cucumber_a'!
[Info   :MoreCustomizations] Loaded '-2050390272_dognose_a'!
[Info   :MoreCustomizations] Loaded '-2050390272_emo_a'!
[Info   :MoreCustomizations] Loaded '-2050390272_freckles_a'!
[Info   :MoreCustomizations] Loaded '-2050390272_lowglasses_a'!
[Info   :MoreCustomizations] Loaded '-2050390272_mask_a'!
[Info   :MoreCustomizations] Loaded '-2050390272_meyepatch_a 2'!
[Info   :MoreCustomizations] Loaded '-2050390272_monocle_a'!
[Info   :MoreCustomizations] Loaded '-2050390272_mustache_a'!
[Info   :MoreCustomizations] Loaded '-2050390272_retroglasses_a'!
[Info   :MoreCustomizations] Loaded '-2050390272_smooch_a'!
[Info   :MoreCustomizations] Loaded '-2050390272_sweatdrop_a'!
[Info   :MoreCustomizations] Loaded '-2050390272_thirdeye_a 2'!
[Info   :MoreCustomizations] Loaded '-2050390272_whiskers_a'!
[Info   :MoreCustomizations] Loaded '-2050390272_anime_e 2'!
[Info   :MoreCustomizations] Loaded '-2050390272_blank_e'!
[Info   :MoreCustomizations] Loaded '-2050390272_bug2_e'!
[Info   :MoreCustomizations] Loaded '-2050390272_bug_e'!
[Info   :MoreCustomizations] Loaded '-2050390272_chameleon_e'!
[Info   :MoreCustomizations] Loaded '-2050390272_heavy_e'!
[Info   :MoreCustomizations] Loaded '-2050390272_oval_e'!
[Info   :MoreCustomizations] Loaded '-2050390272_sadinv_e'!
[Info   :MoreCustomizations] Loaded '-2050390272_smol_e'!
[Info   :MoreCustomizations] Loaded '-2050390272_smolcute_e'!
[Info   :MoreCustomizations] Loaded '-2050390272_tired_e'!
[Info   :MoreCustomizations] Loaded '-2050390272_wide_e'!
[Info   :MoreCustomizations] Loaded '-2050390272_bigsmile_m'!
[Info   :MoreCustomizations] Loaded '-2050390272_biiigsmile_m'!
[Info   :MoreCustomizations] Loaded '-2050390272_blep_m'!
[Info   :MoreCustomizations] Loaded '-2050390272_bun_m'!
[Info   :MoreCustomizations] Loaded '-2050390272_cheekpuff_m'!
[Info   :MoreCustomizations] Loaded '-2050390272_curly_m'!
[Info   :MoreCustomizations] Loaded '-2050390272_detailed_m'!
[Info   :MoreCustomizations] Loaded '-2050390272_fish_m'!
[Info   :MoreCustomizations] Loaded '-2050390272_gasp_m'!
[Info   :MoreCustomizations] Loaded '-2050390272_goober_m'!
[Info   :MoreCustomizations] Loaded '-2050390272_heart_m'!
[Info   :MoreCustomizations] Loaded '-2050390272_neutral_m'!
[Info   :MoreCustomizations] Loaded '-2050390272_pouty_m'!
[Info   :MoreCustomizations] Loaded '-2050390272_serious_m'!
[Info   :MoreCustomizations] Loaded '-2050390272_shock_m'!
[Info   :MoreCustomizations] Loaded '-2050390272_stitch_m'!
[Info   :MoreCustomizations] Loaded '-2050390272_teeth_m'!
[Info   :MoreCustomizations] Loaded '-2050390272_v_m'!
[Info   :MoreCustomizations] Loaded '1189619553_ac_nose'!
[Info   :MoreCustomizations] Loaded '1189619553_beard'!
[Info   :MoreCustomizations] Loaded '1189619553_ac_eye'!
[Info   :MoreCustomizations] Loaded '1189619553_goat_eye'!
[Info   :MoreCustomizations] Loaded '1189619553_incisive_eye'!
[Info   :MoreCustomizations] Loaded '1189619553_horn'!
[Info   :MoreCustomizations] Done!
[Info   :MoreCustomizations] Patching methods...
[Info   :MoreCustomizations] MoreCustomizations is loaded!
[Info   :   BepInEx] Loading [Naelstrof.JigglePhysics 10.3.1]
[Info   :   BepInEx] Loading [Custom Biome Intros 1.1.0]
[Info   :Custom Biome Intros] Plugin net.catcraze777.plugins.custombiomeintros is reading titles...
[Info   :Custom Biome Intros] Binding biome titles...
[Info   :Custom Biome Intros] Binding configs for day subtitle keys Day 1...
[Info   :Custom Biome Intros] Plugin net.catcraze777.plugins.custombiomeintros is loaded!
[Info   :   BepInEx] Loading [Exploding BingBong 1.0.0]
[Info   :Exploding BingBong] Plugin net.catcraze777.plugins.explodingbingbong is loaded!
[Info   :   BepInEx] Loading [Random Biome Patch 1.0.0]
[Info   :Random Biome Patch] Plugin net.catcraze777.plugins.randombiomepatch is loaded!
[Info   :   BepInEx] Loading [Splits Stats 0.1.0]
[Info   :Splits Stats] Plugin net.catcraze777.plugins.splitsstats is loaded!
[Info   :   BepInEx] Loading [StaminaStats Patch 0.1.0]
[Info   :StaminaStats Patch] Plugin net.catcraze777.plugins.staminastatspatch is loaded!
[Info   :StaminaStats Patch] Patching UpdateStaminaText...
[Info   :StaminaStats Patch] Patched 3 instruction(s) for ldc.r4 100f to operand 40
[Info   :StaminaStats Patch] Patching UpdateAfflictionText...
[Info   :StaminaStats Patch] Patched 1 instruction(s) for ldc.r4 100f to operand 40
[Info   :StaminaStats Patch] Patching AfflictionTextTracker.LateUpdate...
[Info   :StaminaStats Patch] Patched 1 instruction(s) for ldc.r4 100f to operand 40
[Info   :   BepInEx] Loading [PeakUnbound 1.4.0]
[Info   :PeakUnbound] Plugin PeakUnbound is loaded!
[Message:PeakUnbound] Updated binding for ScrollButtonLeft with <Gamepad>/leftShoulder
[Message:PeakUnbound] Updated binding for ScrollButtonRight with <Gamepad>/rightShoulder
[Message:PeakUnbound] Updated binding for SelectSlotForward with <Gamepad>/dpad/right
[Message:PeakUnbound] Updated binding for SelectSlotBackward with <Gamepad>/dpad/left
[Message:PeakUnbound] Updated binding for SelectBackpack with <Keyboard>/4
[Message:PeakUnbound] Updated binding for Sprint with <Keyboard>/leftShift
[Message:PeakUnbound] Updated binding for SprintToggle with <Gamepad>/leftStickPress
[Message:PeakUnbound] Updated binding for Crouch with <Keyboard>/ctrl
[Message:PeakUnbound] Updated binding for CrouchToggle with <Gamepad>/buttonEast
[Message:PeakUnbound] Updated binding for Hotbar1 with <Keyboard>/1
[Message:PeakUnbound] Updated binding for Hotbar2 with <Keyboard>/2
[Message:PeakUnbound] Updated binding for Hotbar3 with <Keyboard>/3
[Message:PeakUnbound] Updated binding for Hotbar4 with <Keyboard>/4
[Message:PeakUnbound] Updated binding for Hotbar5 with <Keyboard>/5
[Message:PeakUnbound] Updated binding for Hotbar6 with <Keyboard>/6
[Message:PeakUnbound] Updated binding for Hotbar7 with <Keyboard>/7
[Message:PeakUnbound] Updated binding for Hotbar8 with <Keyboard>/8
[Message:PeakUnbound] Updated binding for Hotbar9 with <Keyboard>/9
[Message:PeakUnbound] Updated binding for UITabLeft with <Gamepad>/leftShoulder
[Message:PeakUnbound] Updated binding for UITabRight with <Gamepad>/rightShoulder
[Message:PeakUnbound] Updated binding for RightClick with <Mouse>/rightButton
[Message:PeakUnbound] Updated binding for MiddleClick with <Mouse>/middleButton
[Message:PeakUnbound] Updated binding for ScrollWheel with <Mouse>/scroll
[Message:PeakUnbound] Updated binding for Move; leftStick with <Gamepad>/leftStick
[Message:PeakUnbound] Updated binding for Move; Dpad with Dpad
[Message:PeakUnbound] Updated binding for Move; w with <Keyboard>/w
[Message:PeakUnbound] Updated binding for Move; upArrow with <Keyboard>/upArrow
[Message:PeakUnbound] Updated binding for Move; s with <Keyboard>/s
[Message:PeakUnbound] Updated binding for Move; downArrow with <Keyboard>/downArrow
[Message:PeakUnbound] Updated binding for Move; a with <Keyboard>/a
[Message:PeakUnbound] Updated binding for Move; leftArrow with <Keyboard>/leftArrow
[Message:PeakUnbound] Updated binding for Move; d with <Keyboard>/d
[Message:PeakUnbound] Updated binding for Move; rightArrow with <Keyboard>/rightArrow
[Message:PeakUnbound] Updated binding for Look; rightStick with <Gamepad>/rightStick
[Message:PeakUnbound] Updated binding for Interact; e with <Keyboard>/e
[Message:PeakUnbound] Updated binding for Interact; buttonWest with <Gamepad>/buttonWest
[Message:PeakUnbound] Updated binding for Drop; q with <Keyboard>/q
[Message:PeakUnbound] Updated binding for Drop; buttonNorth with <Gamepad>/buttonNorth
[Message:PeakUnbound] Updated binding for UsePrimary; rightTrigger with <Gamepad>/rightTrigger
[Message:PeakUnbound] Updated binding for UsePrimary; leftButton with <Mouse>/leftButton
[Message:PeakUnbound] Updated binding for UseSecondary; leftTrigger with <Gamepad>/leftTrigger
[Message:PeakUnbound] Updated binding for UseSecondary; rightButton with <Mouse>/rightButton
[Message:PeakUnbound] Updated binding for Jump; space with <Keyboard>/space
[Message:PeakUnbound] Updated binding for Jump; buttonSouth with <Gamepad>/buttonSouth
[Message:PeakUnbound] Updated binding for Scroll; scrolldown with <Mouse>/scroll/down
[Message:PeakUnbound] Updated binding for Scroll; scrollup with <Mouse>/scroll/up
[Message:PeakUnbound] Updated binding for Scroll; rightShoulder with <Gamepad>/rightShoulder
[Message:PeakUnbound] Updated binding for Scroll; leftShoulder with <Gamepad>/leftShoulder
[Message:PeakUnbound] Updated binding for UnselectSlot; tab with <Keyboard>/tab
[Message:PeakUnbound] Updated binding for UnselectSlot; dpaddown with <Gamepad>/dpad/down
[Message:PeakUnbound] Updated binding for Emote; r with <Keyboard>/r
[Message:PeakUnbound] Updated binding for Emote; dpadup with <Gamepad>/dpad/up
[Message:PeakUnbound] Updated binding for Pause; escape with <Keyboard>/escape
[Message:PeakUnbound] Updated binding for Pause; start with <Gamepad>/start
[Message:PeakUnbound] Updated binding for SpectateLeft; a with <Keyboard>/a
[Message:PeakUnbound] Updated binding for SpectateLeft; dpadleft with <Gamepad>/dpad/left
[Message:PeakUnbound] Updated binding for SpectateRight; d with <Keyboard>/d
[Message:PeakUnbound] Updated binding for SpectateRight; dpadright with <Gamepad>/dpad/right
[Message:PeakUnbound] Updated binding for Ping; middleButton with <Mouse>/middleButton
[Message:PeakUnbound] Updated binding for Ping; rightStickPress with <Gamepad>/rightStickPress
[Message:PeakUnbound] Updated binding for PushToTalk; v with <Keyboard>/v
[Message:PeakUnbound] Updated binding for PushToTalk; select with <Gamepad>/select
[Message:PeakUnbound] Updated binding for Navigate; leftStickup with <Gamepad>/leftStick/up
[Message:PeakUnbound] Updated binding for Navigate; rightStickup with <Gamepad>/rightStick/up
[Message:PeakUnbound] Updated binding for Navigate; leftStickdown with <Gamepad>/leftStick/down
[Message:PeakUnbound] Updated binding for Navigate; rightStickdown with <Gamepad>/rightStick/down
[Message:PeakUnbound] Updated binding for Navigate; leftStickleft with <Gamepad>/leftStick/left
[Message:PeakUnbound] Updated binding for Navigate; rightStickleft with <Gamepad>/rightStick/left
[Message:PeakUnbound] Updated binding for Navigate; leftStickright with <Gamepad>/leftStick/right
[Message:PeakUnbound] Updated binding for Navigate; rightStickright with <Gamepad>/rightStick/right
[Message:PeakUnbound] Updated binding for Navigate; dpad with <Gamepad>/dpad
[Message:PeakUnbound] Updated binding for Navigate; w with <Keyboard>/w
[Message:PeakUnbound] Updated binding for Navigate; upArrow with <Keyboard>/upArrow
[Message:PeakUnbound] Updated binding for Navigate; s with <Keyboard>/s
[Message:PeakUnbound] Updated binding for Navigate; downArrow with <Keyboard>/downArrow
[Message:PeakUnbound] Updated binding for Navigate; a with <Keyboard>/a
[Message:PeakUnbound] Updated binding for Navigate; leftArrow with <Keyboard>/leftArrow
[Message:PeakUnbound] Updated binding for Navigate; d with <Keyboard>/d
[Message:PeakUnbound] Updated binding for Navigate; rightArrow with <Keyboard>/rightArrow
[Message:PeakUnbound] Updated binding for Navigate Analog; leftStickup with <Gamepad>/leftStick/up
[Message:PeakUnbound] Updated binding for Navigate Analog; rightStickup with <Gamepad>/rightStick/up
[Message:PeakUnbound] Updated binding for Navigate Analog; leftStickdown with <Gamepad>/leftStick/down
[Message:PeakUnbound] Updated binding for Navigate Analog; rightStickdown with <Gamepad>/rightStick/down
[Message:PeakUnbound] Updated binding for Navigate Analog; leftStickleft with <Gamepad>/leftStick/left
[Message:PeakUnbound] Updated binding for Navigate Analog; rightStickleft with <Gamepad>/rightStick/left
[Message:PeakUnbound] Updated binding for Navigate Analog; leftStickright with <Gamepad>/leftStick/right
[Message:PeakUnbound] Updated binding for Navigate Analog; rightStickright with <Gamepad>/rightStick/right
[Message:PeakUnbound] Updated binding for Navigate Analog; dpad with <Gamepad>/dpad
[Message:PeakUnbound] Updated binding for Navigate Analog; w with <Keyboard>/w
[Message:PeakUnbound] Updated binding for Navigate Analog; upArrow with <Keyboard>/upArrow
[Message:PeakUnbound] Updated binding for Navigate Analog; s with <Keyboard>/s
[Message:PeakUnbound] Updated binding for Navigate Analog; downArrow with <Keyboard>/downArrow
[Message:PeakUnbound] Updated binding for Navigate Analog; a with <Keyboard>/a
[Message:PeakUnbound] Updated binding for Navigate Analog; leftArrow with <Keyboard>/leftArrow
[Message:PeakUnbound] Updated binding for Navigate Analog; d with <Keyboard>/d
[Message:PeakUnbound] Updated binding for Navigate Analog; rightArrow with <Keyboard>/rightArrow
[Message:PeakUnbound] Updated binding for UIConfirm; buttonWest with <Gamepad>/buttonWest
[Message:PeakUnbound] Updated binding for UIConfirm; buttonSouth with <Gamepad>/buttonSouth
[Message:PeakUnbound] Updated binding for UIConfirm; enter with <Keyboard>/enter
[Message:PeakUnbound] Updated binding for UIConfirm; e with <Keyboard>/e
[Message:PeakUnbound] Updated binding for UICancel; escape with <Keyboard>/escape
[Message:PeakUnbound] Updated binding for UICancel; buttonEast with <Gamepad>/buttonEast
[Message:PeakUnbound] Updated binding for Point; position with <Mouse>/position
[Message:PeakUnbound] Updated binding for Point; position with <Pen>/position
[Message:PeakUnbound] Updated binding for Click; leftButton with <Mouse>/leftButton
[Message:PeakUnbound] Updated binding for Click; tip with <Pen>/tip
[Message:PeakUnbound] Updated binding for NavigateWheel; leftStick with <Gamepad>/leftStick
[Message:PeakUnbound] Updated binding for NavigateWheel; rightStick with <Gamepad>/rightStick
[Info   :   BepInEx] Loading [PEAKUnlimited 0.1.0]
[Info   :PEAKUnlimited] Plugin PEAKUnlimited is loaded!
[Info   :PEAKUnlimited] ConfigurationHandler initialising
[Info   :PEAKUnlimited] ConfigurationHandler: Max Players Loaded: 20
[Info   :PEAKUnlimited] ConfigurationHandler: Lock Kiosk enabled: False
[Info   :PEAKUnlimited] ConfigurationHandler: Lobby details enabled: True
[Info   :PEAKUnlimited] ConfigurationHandler: Extra marshmallows enabled: True
[Info   :PEAKUnlimited] ConfigurationHandler: Extra backpacks enabled: True
[Info   :PEAKUnlimited] ConfigurationHandler: Late Marshmallows enabled: False
[Info   :PEAKUnlimited] ConfigurationHandler: Cheat Marshmallows set to: 0
[Info   :PEAKUnlimited] ConfigurationHandler: Config Menu Key: <Keyboard>/f2
[Info   :PEAKUnlimited] ConfigurationHandler: Cheat Backpacks set to: 0
[Info   :PEAKUnlimited] ConfigurationHandler initialised
[Info   :PEAKUnlimited] Plugin PEAKUnlimited set the Max Players to 20!
[Info   :PEAKUnlimited] Marshmallow patches successful!
[Info   :PEAKUnlimited] Kiosk patches successful!
[Info   :PEAKUnlimited] End screen patches successful!
[Info   :PEAKUnlimited] Player connection log patches successful!
[Info   :PEAKUnlimited] Audio patches successful!
[Info   :PEAKUnlimited] Item Spawner patches successful!
[Info   :   BepInEx] Loading [PassportPagination 1.0.0]
[Info   :   BepInEx] Loading [Runtime Unity Editor 6.1]
[Info   :   BepInEx] Loading [Quick Restart 1.4.1]
[Info   :   BepInEx] Loading [Voice Volume Saver 1.0.0]
[Info   :Voice Volume Saver] Plugin VoiceVolumeSaver is deserializing data!
[Info   :Voice Volume Saver] Plugin VoiceVolumeSaver is patching Init!
[Info   :Voice Volume Saver] Plugin VoiceVolumeSaver is patching OnSliderChanged!
[Info   :Voice Volume Saver] Plugin VoiceVolumeSaver has finished loading!
[Message:   BepInEx] Chainloader startup complete
[Info   :Settings Extender Forked] Scene loadeeeed: Pretitle
[Info   :Runtime Unity Editor] Successfully initialized 15/15 features: ContextMenu, CursorUnlocker, MouseInspect, WireframeFeature, Taskbar, ReplWindow, ProfilerWindow, ObjectViewWindow, Inspector, ClipboardWindow, ChangeHistoryWindow, BreakpointsWindow, ObjectTreeViewer, DnSpyHelper, GizmoDrawer
[Info   :Quick Restart] Quick Restart: Splash screen skipped successfully.
[Info   :Settings Extender Forked] Scene loadeeeed: Title
[Info   :Quick Restart] Quick Restart: Main menu detected but auto-click is disabled
[Info   :Quick Restart] Quick Restart: Already in Title scene.
[Info   :Settings Extender Forked] Scene loadeeeed: Airport
[Info   :Quick Restart] Quick Restart: Menu opened
[Info   :Quick Restart] Quick Restart: Menu clicked
[Info   :Quick Restart] Quick Restart: Menu clicked
[Info   :Quick Restart] Quick Restart: Menu clicked
[Info   :Quick Restart] Quick Restart: Set shouldRandomise = True
[Info   :Quick Restart] Quick Restart: Set new random seed = 3239
[Info   :Quick Restart] Quick Restart: Manually starting game from Airport
[Info   :Quick Restart] Quick Restart: Set shouldRandomise = True
[Info   :Quick Restart] Quick Restart: Set new random seed = 3894
[Info   :Random Biome Patch] TerrainRandomiser Enabled! Using seed to randomize scene!
[Info   :Random Biome Patch] Scene switch to Assets/8_SCENES/Generated/Level_4.unity!
[Info   :PEAKUnlimited] Campfire Awake Patch!
[Info   :PEAKUnlimited] Backpackification enabled and starting!
[Info   :PEAKUnlimited] Backpacks enabled = 0
[Info   :PEAKUnlimited] Not enough players to add additional backpacks, use the Cheat Backpack configuration setting if you want to override this!
[Info   :PEAKUnlimited] Marshmallowification enabled and starting!
[Info   :PEAKUnlimited] Will spawn 1 marshmallows for 1 people!
[Info   :PEAKUnlimited] Spawn item: Marshmallow at (-3.42, 861.15, 1959.14)
[Info   :PEAKUnlimited] Campfire Awake Patch!
[Info   :PEAKUnlimited] Backpackification enabled and starting!
[Info   :PEAKUnlimited] Backpacks enabled = 0
[Info   :PEAKUnlimited] Not enough players to add additional backpacks, use the Cheat Backpack configuration setting if you want to override this!
[Info   :PEAKUnlimited] Marshmallowification enabled and starting!
[Info   :PEAKUnlimited] Will spawn 1 marshmallows for 1 people!
[Info   :PEAKUnlimited] Spawn item: Marshmallow at (-10.63, 285.28, 100.06)
[Info   :PEAKUnlimited] Campfire Awake Patch!
[Info   :PEAKUnlimited] Backpackification enabled and starting!
[Info   :PEAKUnlimited] Backpacks enabled = 0
[Info   :PEAKUnlimited] Not enough players to add additional backpacks, use the Cheat Backpack configuration setting if you want to override this!
[Info   :PEAKUnlimited] Marshmallowification enabled and starting!
[Info   :PEAKUnlimited] Will spawn 1 marshmallows for 1 people!
[Info   :PEAKUnlimited] Spawn item: Marshmallow at (-15.06, 564.79, 524.49)
[Info   :PEAKUnlimited] Campfire Awake Patch!
[Info   :PEAKUnlimited] Backpackification enabled and starting!
[Info   :PEAKUnlimited] Backpacks enabled = 0
[Info   :PEAKUnlimited] Not enough players to add additional backpacks, use the Cheat Backpack configuration setting if you want to override this!
[Info   :PEAKUnlimited] Marshmallowification enabled and starting!
[Info   :PEAKUnlimited] Will spawn 1 marshmallows for 1 people!
[Info   :PEAKUnlimited] Spawn item: Marshmallow at (-2.06, 918.82, 1215.55)
[Info   :PEAKUnlimited] Campfire Awake Patch!
[Info   :PEAKUnlimited] Backpackification enabled and starting!
[Info   :PEAKUnlimited] Backpacks enabled = 0
[Info   :PEAKUnlimited] Not enough players to add additional backpacks, use the Cheat Backpack configuration setting if you want to override this!
[Info   :Settings Extender Forked] Scene loadeeeed: Level_4
[Info   :Splits Stats] Creating SplitsManager GameObject...
[Info   :Splits Stats] Creating Beach Timer...
[Info   :Splits Stats] Beach Timer created!
[Info   :Splits Stats] Creating Tropics Timer...
[Info   :Splits Stats] Tropics Timer created!
[Info   :Splits Stats] Creating Alpine Timer...
[Info   :Splits Stats] Alpine Timer created!
[Info   :Splits Stats] Creating Caldera Timer...
[Info   :Splits Stats] Caldera Timer created!
[Info   :Splits Stats] Creating TheKiln Timer...
[Info   :Splits Stats] TheKiln Timer created!
[Info   :Splits Stats] Updating timer positions...
[Info   :Splits Stats] Updating timer positions...
[Info   :Splits Stats] Starting shore timer!
[Info   :Custom Biome Intros] Selected biome text "SHORE" for biome SHORE!
[Info   :Custom Biome Intros] Using day 1 captions for day 1...
[Info   :Custom Biome Intros] Selected day count text "DAY One" for Day 1!
[Info   :Splits Stats] Curr Height: 9m
[Info   :Splits Stats] Curr Height: 25m
[Info   :Splits Stats] Curr Height: 17m
[Info   :Voice Volume Saver] Player Joined: catcraze777
[Info   :Voice Volume Saver] Player Joined: catcraze777
[Info   :Splits Stats] Curr Height: 30m
[Info   :Splits Stats] Curr Height: 64m
[Info   :Splits Stats] Curr Height: 81m
[Info   :Splits Stats] Curr Height: 106m
[Info   :Voice Volume Saver] Player Joined: catcraze777
[Info   :Splits Stats] Curr Height: 128m
[Info   :Splits Stats] Curr Height: 156m
[Info   :Splits Stats] Curr Height: 153m
[Info   :Splits Stats] Curr Height: 190m
[Info   :Splits Stats] Curr Height: 224m
[Info   :Voice Volume Saver] Player Joined: catcraze777
[Info   :Splits Stats] Curr Height: 260m
[Info   :Splits Stats] Curr Height: 282m
[Info   :Voice Volume Saver] Player Joined: catcraze777
[Info   :Splits Stats] Curr Height: 280m
[Info   :Splits Stats] Curr Height: 316m
[Info   :Splits Stats] Curr Height: 328m
[Info   :Splits Stats] Curr Height: 362m
[Info   :Splits Stats] Curr Height: 402m
[Info   :Splits Stats] Curr Height: 435m
[Info   :Splits Stats] Curr Height: 456m
[Info   :Splits Stats] Curr Height: 457m
[Info   :Splits Stats] Split reached, entering Tropics!
[Info   :Splits Stats] Updating timer positions...
[Info   :Splits Stats] Updating timer positions...
[Info   :Splits Stats] Updating timer positions...
[Info   :Splits Stats] Updating timer positions...
[Info   :Splits Stats] Updating timer positions...
[Info   :Splits Stats] Updating timer positions...
[Info   :Splits Stats] Updating timer positions...
[Info   :Splits Stats] Updating timer positions...
[Info   :Splits Stats] Updating timer positions...
[Info   :Splits Stats] Updating timer positions...
[Info   :Splits Stats] Updating timer positions...
[Info   :Splits Stats] Updating timer positions...
[Info   :Splits Stats] Updating timer positions...
[Info   :Splits Stats] Updating timer positions...
[Info   :Splits Stats] Updating timer positions...
[Info   :Splits Stats] Updating timer positions...
[Info   :Splits Stats] Updating timer positions...
[Info   :Splits Stats] Updating timer positions...
[Info   :Splits Stats] Updating timer positions...
[Info   :Splits Stats] Updating timer positions...
[Info   :Splits Stats] Updating timer positions...
[Info   :Splits Stats] Updating timer positions...
[Info   :Splits Stats] Updating timer positions...
[Info   :Splits Stats] Updating timer positions...
[Info   :Exploding BingBong] BOOM!!!!!!
[Info   :Custom Biome Intros] Selected biome text "TROPICS" for biome TROPICS!
[Info   :Custom Biome Intros] Using day 1 captions for day 1...
[Info   :Custom Biome Intros] Selected day count text "DAY One" for Day 1!
[Info   :Splits Stats] Curr Height: 457m
[Info   :Voice Volume Saver] Player Joined: catcraze777
[Info   :Splits Stats] Curr Height: 457m
[Info   :Voice Volume Saver] Player Joined: catcraze777
[Info   :Splits Stats] Curr Height: 440m
[Info   :Splits Stats] Curr Height: 353m
[Info   :Splits Stats] Curr Height: 347m
[Info   :Splits Stats] Curr Height: 343m
[Info   :Splits Stats] Curr Height: 393m
[Info   :Voice Volume Saver] Player Joined: catcraze777
[Info   :Splits Stats] Curr Height: 414m
[Info   :Splits Stats] Curr Height: 419m
[Info   :Splits Stats] Curr Height: 439m
[Info   :Voice Volume Saver] Player Joined: catcraze777
[Info   :Splits Stats] Curr Height: 478m
[Info   :Splits Stats] Curr Height: 498m
[Info   :Splits Stats] Curr Height: 441m
[Info   :Splits Stats] Curr Height: 452m
[Info   :Voice Volume Saver] Player Joined: catcraze777
[Info   :Splits Stats] Curr Height: 477m
[Info   :Splits Stats] Curr Height: 501m
[Info   :Splits Stats] Curr Height: 514m
[Info   :Splits Stats] Curr Height: 530m
[Info   :Splits Stats] Curr Height: 541m
[Info   :Voice Volume Saver] Player Joined: catcraze777
[Info   :Voice Volume Saver] Player Joined: catcraze777
[Info   :Splits Stats] Curr Height: 560m
[Info   :Splits Stats] Curr Height: 584m
[Info   :Splits Stats] Curr Height: 596m
[Info   :Voice Volume Saver] Player Joined: catcraze777
[Info   :Voice Volume Saver] Player Joined: catcraze777
[Info   :Voice Volume Saver] Player Joined: catcraze777
[Info   :Splits Stats] Curr Height: 606m
[Info   :Splits Stats] Curr Height: 636m
[Info   :Splits Stats] Curr Height: 662m
[Info   :Splits Stats] Curr Height: 690m
[Info   :Splits Stats] Curr Height: 690m
[Info   :Voice Volume Saver] Player Joined: catcraze777
[Info   :Splits Stats] Curr Height: 720m
[Info   :Voice Volume Saver] Player Joined: catcraze777
[Info   :Splits Stats] Curr Height: 749m
[Info   :Voice Volume Saver] Player Joined: catcraze777
[Info   :Splits Stats] Curr Height: 782m
[Info   :Splits Stats] Curr Height: 816m
[Info   :Voice Volume Saver] Player Joined: catcraze777
[Info   :Splits Stats] Curr Height: 820m
[Info   :Splits Stats] Curr Height: 835m
[Info   :Voice Volume Saver] Player Joined: catcraze777
[Info   :Splits Stats] Curr Height: 873m
[Info   :Splits Stats] Curr Height: 901m
[Info   :Voice Volume Saver] Player Joined: catcraze777
[Info   :Splits Stats] Split reached, entering Alpine!
[Info   :Splits Stats] Updating timer positions...
[Info   :Splits Stats] Updating timer positions...
[Info   :Splits Stats] Updating timer positions...
[Info   :Splits Stats] Updating timer positions...
[Info   :Splits Stats] Updating timer positions...
[Info   :Splits Stats] Updating timer positions...
[Info   :Splits Stats] Updating timer positions...
[Info   :Splits Stats] Updating timer positions...
[Info   :Splits Stats] Updating timer positions...
[Info   :Splits Stats] Updating timer positions...
[Info   :Splits Stats] Updating timer positions...
[Info   :Splits Stats] Updating timer positions...
[Info   :Splits Stats] Updating timer positions...
[Info   :Splits Stats] Updating timer positions...
[Info   :Splits Stats] Updating timer positions...
[Info   :Splits Stats] Updating timer positions...
[Info   :Splits Stats] Updating timer positions...
[Info   :Splits Stats] Updating timer positions...
[Info   :Splits Stats] Updating timer positions...
[Info   :Splits Stats] Updating timer positions...
[Info   :Splits Stats] Updating timer positions...
[Info   :Splits Stats] Updating timer positions...
[Info   :Splits Stats] Updating timer positions...
[Info   :Splits Stats] Updating timer positions...
[Info   :Voice Volume Saver] Player Joined: catcraze777
[Info   :Splits Stats] Updating timer positions...
[Info   :Splits Stats] Updating timer positions...
[Info   :Splits Stats] Updating timer positions...
[Info   :Splits Stats] Updating timer positions...
[Info   :Splits Stats] Updating timer positions...
[Info   :Splits Stats] Updating timer positions...
[Info   :Splits Stats] Updating timer positions...
[Info   :Splits Stats] Updating timer positions...
[Info   :Splits Stats] Updating timer positions...
[Info   :Splits Stats] Updating timer positions...
[Info   :Splits Stats] Updating timer positions...
[Info   :Splits Stats] Updating timer positions...
[Info   :Splits Stats] Updating timer positions...
[Info   :Splits Stats] Updating timer positions...
[Info   :Splits Stats] Updating timer positions...
[Info   :Splits Stats] Updating timer positions...
[Info   :Splits Stats] Updating timer positions...
[Info   :Splits Stats] Updating timer positions...
[Info   :Splits Stats] Updating timer positions...
[Info   :Splits Stats] Updating timer positions...
[Info   :Splits Stats] Updating timer positions...
[Info   :Splits Stats] Updating timer positions...
[Info   :Splits Stats] Updating timer positions...
[Info   :Splits Stats] Updating timer positions...
[Info   :Splits Stats] Updating timer positions...
[Info   :Splits Stats] Updating timer positions...
[Info   :Splits Stats] Updating timer positions...
[Info   :Splits Stats] Updating timer positions...
[Info   :Splits Stats] Updating timer positions...
[Info   :Splits Stats] Updating timer positions...
[Info   :Splits Stats] Updating timer positions...
[Info   :Splits Stats] Updating timer positions...
[Info   :Splits Stats] Updating timer positions...
[Info   :Splits Stats] Updating timer positions...
[Info   :Splits Stats] Updating timer positions...
[Info   :Splits Stats] Updating timer positions...
[Info   :Splits Stats] Updating timer positions...
[Info   :Splits Stats] Updating timer positions...
[Info   :Splits Stats] Updating timer positions...
[Info   :Splits Stats] Updating timer positions...
[Info   :Splits Stats] Updating timer positions...
[Info   :Splits Stats] Updating timer positions...
[Info   :Splits Stats] Updating timer positions...
[Info   :Splits Stats] Updating timer positions...
[Info   :Splits Stats] Updating timer positions...
[Info   :Splits Stats] Updating timer positions...
[Info   :Splits Stats] Updating timer positions...
[Info   :Splits Stats] Updating timer positions...
[Info   :Splits Stats] Updating timer positions...
[Info   :Splits Stats] Updating timer positions...
[Info   :Splits Stats] Updating timer positions...
[Info   :Splits Stats] Updating timer positions...
[Info   :Splits Stats] Updating timer positions...
[Info   :Splits Stats] Updating timer positions...
[Info   :Splits Stats] Updating timer positions...
[Info   :Splits Stats] Updating timer positions...
[Info   :Splits Stats] Updating timer positions...
[Info   :Splits Stats] Updating timer positions...
[Info   :Splits Stats] Updating timer positions...
[Info   :Splits Stats] Updating timer positions...
[Info   :Splits Stats] Updating timer positions...
[Info   :Splits Stats] Updating timer positions...
[Info   :Splits Stats] Updating timer positions...
[Info   :Splits Stats] Updating timer positions...
[Info   :Splits Stats] Updating timer positions...
[Info   :Splits Stats] Updating timer positions...
[Info   :Splits Stats] Updating timer positions...
[Info   :Splits Stats] Updating timer positions...
[Info   :Splits Stats] Updating timer positions...
[Info   :Splits Stats] Updating timer positions...
[Info   :Splits Stats] Updating timer positions...
[Info   :Splits Stats] Updating timer positions...
[Info   :Splits Stats] Updating timer positions...
[Info   :Splits Stats] Updating timer positions...
[Info   :Splits Stats] Updating timer positions...
[Info   :Splits Stats] Updating timer positions...
[Info   :Splits Stats] Updating timer positions...
[Info   :Splits Stats] Updating timer positions...
[Info   :Splits Stats] Updating timer positions...
[Info   :Splits Stats] Updating timer positions...
[Info   :Splits Stats] Updating timer positions...
[Info   :Splits Stats] Updating timer positions...
[Info   :Splits Stats] Updating timer positions...
[Info   :Splits Stats] Updating timer positions...
[Info   :Splits Stats] Updating timer positions...
[Info   :Splits Stats] Updating timer positions...
[Info   :Splits Stats] Updating timer positions...
[Info   :Splits Stats] Updating timer positions...
[Info   :Splits Stats] Updating timer positions...
[Info   :Splits Stats] Updating timer positions...
[Info   :Splits Stats] Updating timer positions...
[Info   :Splits Stats] Updating timer positions...
[Info   :Splits Stats] Updating timer positions...
[Info   :Splits Stats] Updating timer positions...
[Info   :Splits Stats] Updating timer positions...
[Info   :Splits Stats] Updating timer positions...
[Info   :Splits Stats] Updating timer positions...
[Info   :Splits Stats] Updating timer positions...
[Info   :Splits Stats] Updating timer positions...
[Info   :Splits Stats] Updating timer positions...
[Info   :Splits Stats] Updating timer positions...
[Info   :Splits Stats] Updating timer positions...
[Info   :Splits Stats] Updating timer positions...
[Info   :Splits Stats] Updating timer positions...
[Info   :Splits Stats] Updating timer positions...
[Info   :Splits Stats] Updating timer positions...
[Info   :Splits Stats] Updating timer positions...
[Info   :Splits Stats] Updating timer positions...
[Info   :Splits Stats] Updating timer positions...
[Info   :Splits Stats] Updating timer positions...
[Info   :Splits Stats] Updating timer positions...
[Info   :Splits Stats] Updating timer positions...
[Info   :Splits Stats] Updating timer positions...
[Info   :Splits Stats] Updating timer positions...
[Info   :Splits Stats] Updating timer positions...
[Info   :Splits Stats] Updating timer positions...
[Info   :Splits Stats] Updating timer positions...
[Info   :Splits Stats] Updating timer positions...
[Info   :Splits Stats] Updating timer positions...
[Info   :Splits Stats] Updating timer positions...
[Info   :Splits Stats] Updating timer positions...
[Info   :Splits Stats] Updating timer positions...
[Info   :Splits Stats] Updating timer positions...
[Info   :Splits Stats] Updating timer positions...
[Info   :Splits Stats] Updating timer positions...
[Info   :Splits Stats] Updating timer positions...
[Info   :Splits Stats] Updating timer positions...
[Info   :Splits Stats] Updating timer positions...
[Info   :Splits Stats] Updating timer positions...
[Info   :Splits Stats] Updating timer positions...
[Info   :Splits Stats] Updating timer positions...
[Info   :Splits Stats] Updating timer positions...
[Info   :Splits Stats] Updating timer positions...
[Info   :Splits Stats] Updating timer positions...
[Info   :Splits Stats] Updating timer positions...
[Info   :Splits Stats] Updating timer positions...
[Info   :Splits Stats] Updating timer positions...
[Info   :Splits Stats] Updating timer positions...
[Info   :Splits Stats] Updating timer positions...
[Info   :Splits Stats] Updating timer positions...
[Info   :Splits Stats] Updating timer positions...
[Info   :Splits Stats] Updating timer positions...
[Info   :Splits Stats] Updating timer positions...
[Info   :Splits Stats] Updating timer positions...
[Info   :Splits Stats] Updating timer positions...
[Info   :Splits Stats] Updating timer positions...
[Info   :Splits Stats] Updating timer positions...
[Info   :Splits Stats] Updating timer positions...
[Info   :Splits Stats] Updating timer positions...
[Info   :Splits Stats] Updating timer positions...
[Info   :Splits Stats] Updating timer positions...
[Info   :Splits Stats] Updating timer positions...
[Info   :Splits Stats] Updating timer positions...
[Info   :Splits Stats] Updating timer positions...
[Info   :Splits Stats] Updating timer positions...
[Info   :Splits Stats] Updating timer positions...
[Info   :Splits Stats] Updating timer positions...
[Info   :Splits Stats] Updating timer positions...
[Info   :Splits Stats] Updating timer positions...
[Info   :Splits Stats] Updating timer positions...
[Info   :Splits Stats] Updating timer positions...
[Info   :Splits Stats] Updating timer positions...
[Info   :Splits Stats] Updating timer positions...
[Info   :Splits Stats] Updating timer positions...
[Info   :Splits Stats] Updating timer positions...
[Info   :Splits Stats] Updating timer positions...
[Info   :Splits Stats] Updating timer positions...
[Info   :Splits Stats] Updating timer positions...
[Info   :Splits Stats] Updating timer positions...
[Info   :Splits Stats] Updating timer positions...
[Info   :Splits Stats] Updating timer positions...
[Info   :Splits Stats] Updating timer positions...
[Info   :Splits Stats] Updating timer positions...
[Info   :Splits Stats] Updating timer positions...
[Info   :Splits Stats] Updating timer positions...
[Info   :Splits Stats] Updating timer positions...
[Info   :Splits Stats] Updating timer positions...
[Info   :Splits Stats] Updating timer positions...
[Info   :Splits Stats] Updating timer positions...
[Info   :Splits Stats] Updating timer positions...
[Info   :Splits Stats] Updating timer positions...
[Info   :Splits Stats] Updating timer positions...
[Info   :Splits Stats] Updating timer positions...
[Info   :Splits Stats] Updating timer positions...
[Info   :Splits Stats] Updating timer positions...
[Info   :Splits Stats] Updating timer positions...
[Info   :Splits Stats] Updating timer positions...
[Info   :Splits Stats] Updating timer positions...
[Info   :Splits Stats] Updating timer positions...
[Info   :Splits Stats] Updating timer positions...
[Info   :Splits Stats] Updating timer positions...
[Info   :Splits Stats] Updating timer positions...
[Info   :Splits Stats] Updating timer positions...
[Info   :Splits Stats] Updating timer positions...
[Info   :Splits Stats] Updating timer positions...
[Info   :Splits Stats] Updating timer positions...
[Info   :Splits Stats] Updating timer positions...
[Info   :Splits Stats] Updating timer positions...
[Info   :Splits Stats] Updating timer positions...
[Info   :Splits Stats] Updating timer positions...
[Info   :Splits Stats] Updating timer positions...
[Info   :Splits Stats] Updating timer positions...
[Info   :Splits Stats] Updating timer positions...
[Info   :Splits Stats] Updating timer positions...
[Info   :Splits Stats] Updating timer positions...
[Info   :Splits Stats] Updating timer positions...
[Info   :Splits Stats] Updating timer positions...
[Info   :Splits Stats] Updating timer positions...
[Info   :Splits Stats] Updating timer positions...
[Info   :Splits Stats] Updating timer positions...
[Info   :Splits Stats] Updating timer positions...
[Info   :Splits Stats] Updating timer positions...
[Info   :Splits Stats] Updating timer positions...
[Info   :Splits Stats] Updating timer positions...
[Info   :Splits Stats] Updating timer positions...
[Info   :Splits Stats] Updating timer positions...
[Info   :Splits Stats] Updating timer positions...
[Info   :Splits Stats] Updating timer positions...
[Info   :Splits Stats] Updating timer positions...
[Info   :Splits Stats] Updating timer positions...
[Info   :Splits Stats] Updating timer positions...
[Info   :Splits Stats] Updating timer positions...
[Info   :Splits Stats] Updating timer positions...
[Info   :Splits Stats] Updating timer positions...
[Info   :Splits Stats] Updating timer positions...
[Info   :Splits Stats] Updating timer positions...
[Info   :Splits Stats] Updating timer positions...
[Info   :Splits Stats] Updating timer positions...
[Info   :Splits Stats] Updating timer positions...
[Info   :Splits Stats] Updating timer positions...
[Info   :Splits Stats] Updating timer positions...
[Info   :Splits Stats] Updating timer positions...
[Info   :Splits Stats] Updating timer positions...
[Info   :Splits Stats] Updating timer positions...
[Info   :Splits Stats] Updating timer positions...
[Info   :Splits Stats] Updating timer positions...
[Info   :Splits Stats] Updating timer positions...
[Info   :Splits Stats] Updating timer positions...
[Info   :Splits Stats] Updating timer positions...
[Info   :Splits Stats] Updating timer positions...
[Info   :Splits Stats] Updating timer positions...
[Info   :Splits Stats] Updating timer positions...
[Info   :Splits Stats] Updating timer positions...
[Info   :Splits Stats] Updating timer positions...
[Info   :Splits Stats] Updating timer positions...
[Info   :Splits Stats] Updating timer positions...
[Info   :Splits Stats] Updating timer positions...
[Info   :Splits Stats] Updating timer positions...
[Info   :Splits Stats] Updating timer positions...
[Info   :Splits Stats] Updating timer positions...
[Info   :Splits Stats] Updating timer positions...
[Info   :Splits Stats] Updating timer positions...
[Info   :Splits Stats] Updating timer positions...
[Info   :Splits Stats] Updating timer positions...
[Info   :Splits Stats] Updating timer positions...
[Info   :Splits Stats] Updating timer positions...
[Info   :Splits Stats] Updating timer positions...
[Info   :Splits Stats] Updating timer positions...
[Info   :Splits Stats] Updating timer positions...
[Info   :Splits Stats] Updating timer positions...
[Info   :Splits Stats] Updating timer positions...
[Info   :Splits Stats] Updating timer positions...
[Info   :Splits Stats] Updating timer positions...
[Info   :Splits Stats] Updating timer positions...
[Info   :Splits Stats] Updating timer positions...
[Info   :Splits Stats] Updating timer positions...
[Info   :Splits Stats] Updating timer positions...
[Info   :Splits Stats] Updating timer positions...
[Info   :Splits Stats] Updating timer positions...
[Info   :Splits Stats] Updating timer positions...
[Info   :Splits Stats] Updating timer positions...
[Info   :Splits Stats] Updating timer positions...
[Info   :Splits Stats] Updating timer positions...
[Info   :Splits Stats] Updating timer positions...
[Info   :Splits Stats] Updating timer positions...
[Info   :Splits Stats] Updating timer positions...
[Info   :Splits Stats] Updating timer positions...
[Info   :Splits Stats] Updating timer positions...
[Info   :Splits Stats] Updating timer positions...
[Info   :Splits Stats] Updating timer positions...
[Info   :Splits Stats] Updating timer positions...
[Info   :Splits Stats] Updating timer positions...
[Info   :Splits Stats] Updating timer positions...
[Info   :Splits Stats] Updating timer positions...
[Info   :Splits Stats] Updating timer positions...
[Info   :Splits Stats] Updating timer positions...
[Info   :Splits Stats] Updating timer positions...
[Info   :Splits Stats] Updating timer positions...
[Info   :Splits Stats] Updating timer positions...
[Info   :Splits Stats] Updating timer positions...
[Info   :Splits Stats] Updating timer positions...
[Info   :Splits Stats] Updating timer positions...
[Info   :Splits Stats] Updating timer positions...
[Info   :Splits Stats] Updating timer positions...
[Info   :Splits Stats] Updating timer positions...
[Info   :Splits Stats] Updating timer positions...
[Info   :Splits Stats] Updating timer positions...
[Info   :Splits Stats] Updating timer positions...
[Info   :Splits Stats] Updating timer positions...
[Info   :Splits Stats] Updating timer positions...
[Info   :Splits Stats] Updating timer positions...
[Info   :Splits Stats] Updating timer positions...
[Info   :Splits Stats] Updating timer positions...
[Info   :Splits Stats] Updating timer positions...
[Info   :Splits Stats] Updating timer positions...
[Info   :Splits Stats] Updating timer positions...
[Info   :Splits Stats] Updating timer positions...
[Info   :Splits Stats] Updating timer positions...
[Info   :Splits Stats] Updating timer positions...
[Info   :Splits Stats] Updating timer positions...
[Info   :Splits Stats] Updating timer positions...
[Info   :Splits Stats] Updating timer positions...
[Info   :Splits Stats] Updating timer positions...
[Info   :Splits Stats] Updating timer positions...
[Info   :Splits Stats] Updating timer positions...
[Info   :Splits Stats] Updating timer positions...
[Info   :Splits Stats] Updating timer positions...
[Info   :Splits Stats] Updating timer positions...
[Info   :Splits Stats] Updating timer positions...
[Info   :Splits Stats] Updating timer positions...
[Info   :Splits Stats] Updating timer positions...
[Info   :Splits Stats] Updating timer positions...
[Info   :Splits Stats] Updating timer positions...
[Info   :Splits Stats] Updating timer positions...
[Info   :Splits Stats] Updating timer positions...
[Info   :Splits Stats] Updating timer positions...
[Info   :Splits Stats] Updating timer positions...
[Info   :Splits Stats] Updating timer positions...
[Info   :Splits Stats] Updating timer positions...
[Info   :Splits Stats] Updating timer positions...
[Info   :Splits Stats] Updating timer positions...
[Info   :Splits Stats] Updating timer positions...
[Info   :Splits Stats] Updating timer positions...
[Info   :Splits Stats] Updating timer positions...
[Info   :Splits Stats] Updating timer positions...
[Info   :Splits Stats] Updating timer positions...
[Info   :Splits Stats] Updating timer positions...
[Info   :Splits Stats] Updating timer positions...
[Info   :Splits Stats] Updating timer positions...
[Info   :Splits Stats] Updating timer positions...
[Info   :Splits Stats] Updating timer positions...
[Info   :Splits Stats] Updating timer positions...
[Info   :Splits Stats] Updating timer positions...
[Info   :Splits Stats] Updating timer positions...
[Info   :Splits Stats] Updating timer positions...
[Info   :Splits Stats] Updating timer positions...
[Info   :Splits Stats] Updating timer positions...
[Info   :Splits Stats] Updating timer positions...
[Info   :Splits Stats] Updating timer positions...
[Info   :Splits Stats] Updating timer positions...
[Info   :Splits Stats] Updating timer positions...
[Info   :Splits Stats] Updating timer positions...
[Info   :Splits Stats] Updating timer positions...
[Info   :Splits Stats] Updating timer positions...
[Info   :Splits Stats] Updating timer positions...
[Info   :Splits Stats] Updating timer positions...
[Info   :Splits Stats] Updating timer positions...
[Info   :Splits Stats] Updating timer positions...
[Info   :Splits Stats] Updating timer positions...
[Info   :Splits Stats] Updating timer positions...
[Info   :Splits Stats] Updating timer positions...
[Info   :Splits Stats] Updating timer positions...
[Info   :Splits Stats] Updating timer positions...
[Info   :Splits Stats] Updating timer positions...
[Info   :Splits Stats] Updating timer positions...
[Info   :Splits Stats] Updating timer positions...
[Info   :Splits Stats] Updating timer positions...
[Info   :Splits Stats] Updating timer positions...
[Info   :Splits Stats] Updating timer positions...
[Info   :Splits Stats] Updating timer positions...
[Info   :Splits Stats] Updating timer positions...
[Info   :Splits Stats] Updating timer positions...
[Info   :Splits Stats] Updating timer positions...
[Info   :Splits Stats] Updating timer positions...
[Info   :Splits Stats] Updating timer positions...
[Info   :Splits Stats] Updating timer positions...
[Info   :Splits Stats] Updating timer positions...
[Info   :Splits Stats] Updating timer positions...
[Info   :Splits Stats] Updating timer positions...
[Info   :Splits Stats] Updating timer positions...
[Info   :Splits Stats] Updating timer positions...
[Info   :Splits Stats] Updating timer positions...
[Info   :Splits Stats] Updating timer positions...
[Info   :Splits Stats] Updating timer positions...
[Info   :Splits Stats] Updating timer positions...
[Info   :Splits Stats] Updating timer positions...
[Info   :Splits Stats] Updating timer positions...
[Info   :Splits Stats] Updating timer positions...
[Info   :Splits Stats] Updating timer positions...
[Info   :Splits Stats] Updating timer positions...
[Info   :Splits Stats] Updating timer positions...
[Info   :Splits Stats] Updating timer positions...
[Info   :Splits Stats] Updating timer positions...
[Info   :Splits Stats] Updating timer positions...
[Info   :Splits Stats] Updating timer positions...
[Info   :Splits Stats] Updating timer positions...
[Info   :Splits Stats] Updating timer positions...
[Info   :Splits Stats] Updating timer positions...
[Info   :Splits Stats] Updating timer positions...
[Info   :Splits Stats] Updating timer positions...
[Info   :Splits Stats] Updating timer positions...
[Info   :Splits Stats] Updating timer positions...
[Info   :Splits Stats] Updating timer positions...
[Info   :Splits Stats] Updating timer positions...
[Info   :Splits Stats] Updating timer positions...
[Info   :Splits Stats] Updating timer positions...
[Info   :Splits Stats] Updating timer positions...
[Info   :Splits Stats] Updating timer positions...
[Info   :Splits Stats] Updating timer positions...
[Info   :Splits Stats] Updating timer positions...
[Info   :Splits Stats] Updating timer positions...
[Info   :Splits Stats] Updating timer positions...
[Info   :Splits Stats] Updating timer positions...
[Info   :Splits Stats] Updating timer positions...
[Info   :Splits Stats] Updating timer positions...
[Info   :Splits Stats] Updating timer positions...
[Info   :Splits Stats] Updating timer positions...
[Info   :Splits Stats] Updating timer positions...
[Info   :Splits Stats] Updating timer positions...
[Info   :Splits Stats] Updating timer positions...
[Info   :Splits Stats] Updating timer positions...
[Info   :Splits Stats] Updating timer positions...
[Info   :Splits Stats] Updating timer positions...
[Info   :Splits Stats] Updating timer positions...
[Info   :Splits Stats] Updating timer positions...
[Info   :Splits Stats] Updating timer positions...
[Info   :Splits Stats] Updating timer positions...
[Info   :Splits Stats] Updating timer positions...
[Info   :Splits Stats] Updating timer positions...
[Info   :Splits Stats] Updating timer positions...
[Info   :Splits Stats] Updating timer positions...
[Info   :Splits Stats] Updating timer positions...
[Info   :Splits Stats] Updating timer positions...
[Info   :Splits Stats] Updating timer positions...
[Info   :Splits Stats] Updating timer positions...
[Info   :Splits Stats] Updating timer positions...
[Info   :Splits Stats] Updating timer positions...
[Info   :Splits Stats] Updating timer positions...
[Info   :Splits Stats] Updating timer positions...
[Info   :Splits Stats] Updating timer positions...
[Info   :Splits Stats] Updating timer positions...
[Info   :Splits Stats] Updating timer positions...
[Info   :Splits Stats] Updating timer positions...
[Info   :Splits Stats] Updating timer positions...
[Info   :Splits Stats] Updating timer positions...
[Info   :Splits Stats] Updating timer positions...
[Info   :Splits Stats] Updating timer positions...
[Info   :Splits Stats] Updating timer positions...
[Info   :Splits Stats] Updating timer positions...
[Info   :Splits Stats] Updating timer positions...
[Info   :Splits Stats] Updating timer positions...
[Info   :Splits Stats] Updating timer positions...
[Info   :Splits Stats] Updating timer positions...
[Info   :Splits Stats] Updating timer positions...
[Info   :Splits Stats] Updating timer positions...
[Info   :Splits Stats] Updating timer positions...
[Info   :Splits Stats] Updating timer positions...
[Info   :Splits Stats] Updating timer positions...
[Info   :Splits Stats] Updating timer positions...
[Info   :Splits Stats] Updating timer positions...
[Info   :Splits Stats] Updating timer positions...
[Info   :Splits Stats] Updating timer positions...
[Info   :Splits Stats] Updating timer positions...
[Info   :Splits Stats] Updating timer positions...
[Info   :Splits Stats] Updating timer positions...
[Info   :Splits Stats] Updating timer positions...
[Info   :Splits Stats] Updating timer positions...
[Info   :Splits Stats] Updating timer positions...
[Info   :Splits Stats] Updating timer positions...
[Info   :Splits Stats] Updating timer positions...
[Info   :Splits Stats] Updating timer positions...
[Info   :Splits Stats] Updating timer positions...
[Info   :Splits Stats] Updating timer positions...
[Info   :Splits Stats] Updating timer positions...
[Info   :Splits Stats] Updating timer positions...
[Info   :Splits Stats] Updating timer positions...
[Info   :Splits Stats] Updating timer positions...
[Info   :Splits Stats] Updating timer positions...
[Info   :Splits Stats] Updating timer positions...
[Info   :Splits Stats] Updating timer positions...
[Info   :Splits Stats] Updating timer positions...
[Info   :Splits Stats] Updating timer positions...
[Info   :Splits Stats] Updating timer positions...
[Info   :Splits Stats] Updating timer positions...
[Info   :Splits Stats] Updating timer positions...
[Info   :Splits Stats] Updating timer positions...
[Info   :Splits Stats] Updating timer positions...
[Info   :Splits Stats] Updating timer positions...
[Info   :Splits Stats] Updating timer positions...
[Info   :Splits Stats] Updating timer positions...
[Info   :Splits Stats] Updating timer positions...
[Info   :Splits Stats] Updating timer positions...
[Info   :Splits Stats] Updating timer positions...
[Info   :Splits Stats] Updating timer positions...
[Info   :Splits Stats] Updating timer positions...
[Info   :Splits Stats] Updating timer positions...
[Info   :Splits Stats] Updating timer positions...
[Info   :Splits Stats] Updating timer positions...
[Info   :Splits Stats] Updating timer positions...
[Info   :Splits Stats] Updating timer positions...
[Info   :Splits Stats] Updating timer positions...
[Info   :Splits Stats] Updating timer positions...
[Info   :Splits Stats] Updating timer positions...
[Info   :Splits Stats] Updating timer positions...
[Info   :Splits Stats] Updating timer positions...
[Info   :Splits Stats] Updating timer positions...
[Info   :Splits Stats] Updating timer positions...
[Info   :Splits Stats] Updating timer positions...
[Info   :Splits Stats] Updating timer positions...
[Info   :Splits Stats] Updating timer positions...
[Info   :Splits Stats] Updating timer positions...
[Info   :Splits Stats] Updating timer positions...
[Info   :Splits Stats] Updating timer positions...
[Info   :Splits Stats] Updating timer positions...
[Info   :Splits Stats] Updating timer positions...
[Info   :Splits Stats] Updating timer positions...
[Info   :Splits Stats] Updating timer positions...
[Info   :Splits Stats] Updating timer positions...
[Info   :Splits Stats] Updating timer positions...
[Info   :Splits Stats] Updating timer positions...
[Info   :Splits Stats] Updating timer positions...
[Info   :Splits Stats] Updating timer positions...
[Info   :Splits Stats] Updating timer positions...
[Info   :Splits Stats] Updating timer positions...
[Info   :Splits Stats] Updating timer positions...
[Info   :Splits Stats] Updating timer positions...
[Info   :Splits Stats] Updating timer positions...
[Info   :Splits Stats] Updating timer positions...
[Info   :Splits Stats] Updating timer positions...
[Info   :Splits Stats] Updating timer positions...
[Info   :Splits Stats] Updating timer positions...
[Info   :Splits Stats] Updating timer positions...
[Info   :Splits Stats] Updating timer positions...
[Info   :Splits Stats] Updating timer positions...
[Info   :Splits Stats] Updating timer positions...
[Info   :Splits Stats] Updating timer positions...
[Info   :Splits Stats] Updating timer positions...
[Info   :Splits Stats] Updating timer positions...
[Info   :Splits Stats] Updating timer positions...
[Info   :Splits Stats] Updating timer positions...
[Info   :Splits Stats] Updating timer positions...
[Info   :Splits Stats] Updating timer positions...
[Info   :Splits Stats] Updating timer positions...
[Info   :Splits Stats] Updating timer positions...
[Info   :Splits Stats] Updating timer positions...
[Info   :Splits Stats] Updating timer positions...
[Info   :Splits Stats] Updating timer positions...
[Info   :Splits Stats] Updating timer positions...
[Info   :Splits Stats] Updating timer positions...
[Info   :Splits Stats] Updating timer positions...
[Info   :Splits Stats] Updating timer positions...
[Info   :Splits Stats] Updating timer positions...
[Info   :Splits Stats] Updating timer positions...
[Info   :Splits Stats] Updating timer positions...
[Info   :Splits Stats] Updating timer positions...
[Info   :Splits Stats] Updating timer positions...
[Info   :Splits Stats] Updating timer positions...
[Info   :Splits Stats] Updating timer positions...
[Info   :Splits Stats] Updating timer positions...
[Info   :Splits Stats] Updating timer positions...
[Info   :Splits Stats] Updating timer positions...
[Info   :Splits Stats] Updating timer positions...
[Info   :Splits Stats] Updating timer positions...
[Info   :Splits Stats] Updating timer positions...
[Info   :Splits Stats] Updating timer positions...
[Info   :Splits Stats] Updating timer positions...
[Info   :Splits Stats] Updating timer positions...
[Info   :Splits Stats] Updating timer positions...
[Info   :Splits Stats] Updating timer positions...
[Info   :Splits Stats] Updating timer positions...
[Info   :Splits Stats] Updating timer positions...
[Info   :Splits Stats] Updating timer positions...
[Info   :Splits Stats] Updating timer positions...
[Info   :Splits Stats] Updating timer positions...
[Info   :Splits Stats] Updating timer positions...
[Info   :Splits Stats] Updating timer positions...
[Info   :Splits Stats] Updating timer positions...
[Info   :Splits Stats] Updating timer positions...
[Info   :Splits Stats] Updating timer positions...
[Info   :Splits Stats] Updating timer positions...
[Info   :Splits Stats] Updating timer positions...
[Info   :Splits Stats] Updating timer positions...
[Info   :Splits Stats] Updating timer positions...
[Info   :Splits Stats] Updating timer positions...
[Info   :Splits Stats] Updating timer positions...
[Info   :Splits Stats] Updating timer positions...
[Info   :Splits Stats] Updating timer positions...
[Info   :Splits Stats] Updating timer positions...
[Info   :Splits Stats] Updating timer positions...
[Info   :Splits Stats] Updating timer positions...
[Info   :Splits Stats] Updating timer positions...
[Info   :Splits Stats] Updating timer positions...
[Info   :Splits Stats] Updating timer positions...
[Info   :Splits Stats] Updating timer positions...
[Info   :Splits Stats] Updating timer positions...
[Info   :Splits Stats] Updating timer positions...
[Info   :Splits Stats] Updating timer positions...
[Info   :Splits Stats] Updating timer positions...
[Info   :Splits Stats] Updating timer positions...
[Info   :Splits Stats] Updating timer positions...
[Info   :Splits Stats] Updating timer positions...
[Info   :Splits Stats] Updating timer positions...
[Info   :Splits Stats] Updating timer positions...
[Info   :Splits Stats] Updating timer positions...
[Info   :Splits Stats] Updating timer positions...
[Info   :Splits Stats] Updating timer positions...
[Info   :Splits Stats] Updating timer positions...
[Info   :Splits Stats] Updating timer positions...
[Info   :Splits Stats] Updating timer positions...
[Info   :Splits Stats] Updating timer positions...
[Info   :Splits Stats] Updating timer positions...
[Info   :Splits Stats] Updating timer positions...
[Info   :Splits Stats] Updating timer positions...
[Info   :Splits Stats] Updating timer positions...
[Info   :Splits Stats] Updating timer positions...
[Info   :Splits Stats] Updating timer positions...
[Info   :Splits Stats] Updating timer positions...
[Info   :Splits Stats] Updating timer positions...
[Info   :Splits Stats] Updating timer positions...
[Info   :Splits Stats] Updating timer positions...
[Info   :Splits Stats] Updating timer positions...
[Info   :Splits Stats] Updating timer positions...
[Info   :Splits Stats] Updating timer positions...
[Info   :Splits Stats] Updating timer positions...
[Info   :Splits Stats] Updating timer positions...
[Info   :Splits Stats] Updating timer positions...
[Info   :Splits Stats] Updating timer positions...
[Info   :Splits Stats] Updating timer positions...
[Info   :Splits Stats] Updating timer positions...
[Info   :Splits Stats] Updating timer positions...
[Info   :Splits Stats] Updating timer positions...
[Info   :Splits Stats] Updating timer positions...
[Info   :Splits Stats] Updating timer positions...
[Info   :Custom Biome Intros] Selected biome text "MESA" for biome MESA!
[Info   :Custom Biome Intros] Using day 1 captions for day 3...
[Info   :Custom Biome Intros] Selected day count text "DAY Three" for Day 3!
[Info   :Splits Stats] Curr Height: 905m
[Info   :Voice Volume Saver] Player Joined: catcraze777
[Info   :Splits Stats] Curr Height: 884m
[Info   :Splits Stats] Curr Height: 798m
[Info   :Splits Stats] Curr Height: 787m
[Info   :Splits Stats] Curr Height: 811m
[Info   :Voice Volume Saver] Player Joined: catcraze777
[Info   :Splits Stats] Curr Height: 785m
[Info   :Splits Stats] Curr Height: 783m
[Info   :Splits Stats] Curr Height: 796m
[Info   :Splits Stats] Curr Height: 791m
[Info   :Splits Stats] Curr Height: 809m
[Info   :Splits Stats] Curr Height: 839m
[Info   :Voice Volume Saver] Player Joined: catcraze777
[Info   :Splits Stats] Curr Height: 801m
[Info   :Splits Stats] Curr Height: 768m
[Info   :Splits Stats] Curr Height: 715m
[Info   :Splits Stats] Curr Height: 627m
[Info   :Splits Stats] Curr Height: 602m
[Info   :Voice Volume Saver] Player Joined: catcraze777
[Info   :Splits Stats] Curr Height: 601m
[Info   :Splits Stats] Curr Height: 600m
[Info   :Splits Stats] Curr Height: 638m
[Info   :Voice Volume Saver] Player Joined: catcraze777
[Info   :Splits Stats] Curr Height: 667m
[Info   :Splits Stats] Curr Height: 683m
[Info   :Splits Stats] Curr Height: 707m
[Info   :Splits Stats] Curr Height: 735m
[Info   :Splits Stats] Curr Height: 776m
[Info   :Voice Volume Saver] Player Joined: catcraze777
[Info   :Splits Stats] Curr Height: 803m
[Info   :Splits Stats] Curr Height: 798m
[Info   :Splits Stats] Curr Height: 837m
[Info   :Splits Stats] Curr Height: 871m
[Info   :Splits Stats] Curr Height: 891m
[Info   :Splits Stats] Curr Height: 877m
[Info   :Splits Stats] Curr Height: 873m
[Info   :Splits Stats] Curr Height: 880m
[Info   :Splits Stats] Curr Height: 892m
[Info   :Splits Stats] Curr Height: 935m
[Info   :Splits Stats] Curr Height: 941m
[Info   :Splits Stats] Curr Height: 969m
[Info   :Splits Stats] Curr Height: 986m
[Info   :Splits Stats] Curr Height: 987m
[Info   :Splits Stats] Curr Height: 1037m
[Info   :Splits Stats] Curr Height: 1043m
[Info   :Splits Stats] Curr Height: 1081m
[Info   :Splits Stats] Curr Height: 1103m
[Info   :Splits Stats] Curr Height: 1115m
[Info   :Splits Stats] Curr Height: 1117m
[Info   :Voice Volume Saver] Player Joined: catcraze777
[Info   :Splits Stats] Curr Height: 1150m
[Info   :Splits Stats] Curr Height: 1108m
[Info   :Splits Stats] Curr Height: 1107m
[Info   :Splits Stats] Curr Height: 1107m
[Info   :Splits Stats] Curr Height: 1105m
[Info   :Splits Stats] Curr Height: 1110m
[Info   :Splits Stats] Curr Height: 1130m
[Info   :Splits Stats] Curr Height: 1156m
[Info   :Splits Stats] Curr Height: 1188m
[Info   :Splits Stats] Curr Height: 1215m
[Info   :Splits Stats] Curr Height: 1238m
[Info   :Splits Stats] Curr Height: 1264m
[Info   :Splits Stats] Curr Height: 1228m
[Info   :Voice Volume Saver] Player Joined: catcraze777
[Info   :Splits Stats] Curr Height: 1200m
[Info   :Splits Stats] Curr Height: 1193m
[Info   :Splits Stats] Curr Height: 1212m
[Info   :Splits Stats] Curr Height: 1237m
[Info   :Splits Stats] Curr Height: 1228m
[Info   :Splits Stats] Curr Height: 1234m
[Info   :Splits Stats] Curr Height: 1228m
[Info   :Splits Stats] Curr Height: 1241m
[Info   :Splits Stats] Curr Height: 1281m
[Info   :Splits Stats] Curr Height: 1289m
[Info   :Splits Stats] Curr Height: 1301m
[Info   :Splits Stats] Curr Height: 1332m
[Info   :Splits Stats] Curr Height: 1345m
[Info   :Splits Stats] Curr Height: 1370m
[Info   :Splits Stats] Curr Height: 1415m
[Info   :Splits Stats] Curr Height: 1445m
[Info   :Splits Stats] Curr Height: 1470m
[Info   :Splits Stats] Split reached, entering Caldera!
[Info   :Splits Stats] Updating timer positions...
[Info   :Splits Stats] Updating timer positions...
[Info   :Splits Stats] Updating timer positions...
[Info   :Splits Stats] Updating timer positions...
[Info   :Splits Stats] Updating timer positions...
[Info   :Splits Stats] Updating timer positions...
[Info   :Splits Stats] Updating timer positions...
[Info   :Splits Stats] Updating timer positions...
[Info   :Splits Stats] Updating timer positions...
[Info   :Splits Stats] Updating timer positions...
[Info   :Splits Stats] Updating timer positions...
[Info   :Splits Stats] Updating timer positions...
[Info   :Splits Stats] Updating timer positions...
[Info   :Splits Stats] Updating timer positions...
[Info   :Splits Stats] Updating timer positions...
[Info   :Splits Stats] Updating timer positions...
[Info   :Splits Stats] Updating timer positions...
[Info   :Splits Stats] Updating timer positions...
[Info   :Splits Stats] Updating timer positions...
[Info   :Splits Stats] Updating timer positions...
[Info   :Splits Stats] Updating timer positions...
[Info   :Custom Biome Intros] Selected biome text "CALDERA" for biome CALDERA!
[Info   :Custom Biome Intros] Using day 1 captions for day 5...
[Info   :Custom Biome Intros] Selected day count text "DAY Five" for Day 5!
[Info   :Splits Stats] Curr Height: 1471m
[Info   :Voice Volume Saver] Player Joined: catcraze777
[Info   :Splits Stats] Curr Height: 1433m
[Info   :Splits Stats] Curr Height: 1339m
[Info   :Splits Stats] Curr Height: 1277m
[Info   :Voice Volume Saver] Player Joined: catcraze777
[Info   :Splits Stats] Curr Height: 1272m
[Info   :Splits Stats] Curr Height: 1269m
[Info   :Splits Stats] Curr Height: 1270m
[Info   :Splits Stats] Curr Height: 1265m
[Info   :Splits Stats] Curr Height: 1280m
[Info   :Splits Stats] Curr Height: 1274m
[Info   :Splits Stats] Curr Height: 1286m
[Info   :Splits Stats] Curr Height: 1262m
[Info   :Splits Stats] Curr Height: 1279m
[Info   :Voice Volume Saver] Player Joined: catcraze777
[Info   :Splits Stats] Curr Height: 1282m
[Info   :Splits Stats] Curr Height: 1284m
[Info   :Splits Stats] Curr Height: 1263m
[Info   :Splits Stats] Curr Height: 1277m
[Info   :Splits Stats] Curr Height: 1277m
[Info   :Splits Stats] Curr Height: 1270m
[Info   :Splits Stats] Curr Height: 1269m
[Info   :Splits Stats] Curr Height: 1293m
[Info   :Splits Stats] Curr Height: 1324m
[Info   :Splits Stats] Curr Height: 1324m
[Info   :Splits Stats] Curr Height: 1325m
[Info   :Splits Stats] Curr Height: 1324m
[Info   :Splits Stats] Curr Height: 1324m
[Info   :Voice Volume Saver] Player Joined: catcraze777
[Info   :Splits Stats] Curr Height: 1359m
[Info   :Voice Volume Saver] Player Joined: catcraze777
[Info   :Splits Stats] Curr Height: 1375m
[Info   :Splits Stats] Split reached, entering TheKiln!
[Info   :Splits Stats] Updating timer positions...
[Info   :Splits Stats] Updating timer positions...
[Info   :Splits Stats] Updating timer positions...
[Info   :Splits Stats] Updating timer positions...
[Info   :Splits Stats] Updating timer positions...
[Info   :Splits Stats] Updating timer positions...
[Info   :Splits Stats] Updating timer positions...
[Info   :Splits Stats] Updating timer positions...
[Info   :Splits Stats] Updating timer positions...
[Info   :Splits Stats] Updating timer positions...
[Info   :Splits Stats] Updating timer positions...
[Info   :Splits Stats] Updating timer positions...
[Info   :Splits Stats] Updating timer positions...
[Info   :Splits Stats] Updating timer positions...
[Info   :Splits Stats] Updating timer positions...
[Info   :Splits Stats] Updating timer positions...
[Info   :Splits Stats] Updating timer positions...
[Info   :Splits Stats] Updating timer positions...
[Info   :Splits Stats] Updating timer positions...
[Info   :Splits Stats] Updating timer positions...
[Info   :Splits Stats] Updating timer positions...
[Info   :Splits Stats] Updating timer positions...
[Info   :Splits Stats] Updating timer positions...
[Info   :Splits Stats] Updating timer positions...
[Info   :Splits Stats] Updating timer positions...
[Info   :Splits Stats] Updating timer positions...
[Info   :Splits Stats] Updating timer positions...
[Info   :Custom Biome Intros] Selected biome text "THE KILN" for biome THE KILN!
[Info   :Custom Biome Intros] Using day 1 captions for day 6...
[Info   :Custom Biome Intros] Selected day count text "DAY Six" for Day 6!
[Info   :Splits Stats] Curr Height: 1377m
[Info   :Splits Stats] Curr Height: 1378m
[Info   :Voice Volume Saver] Player Joined: catcraze777
[Info   :Splits Stats] Curr Height: 1403m
[Info   :Voice Volume Saver] Player Joined: catcraze777
[Info   :Splits Stats] Curr Height: 1430m
[Info   :Splits Stats] Curr Height: 1454m
[Info   :Splits Stats] Curr Height: 1493m
[Info   :Splits Stats] Curr Height: 1531m
[Info   :Splits Stats] Curr Height: 1564m
[Info   :Splits Stats] Curr Height: 1580m
[Info   :Splits Stats] Curr Height: 1598m
[Info   :Splits Stats] Curr Height: 1618m
[Info   :Splits Stats] Curr Height: 1651m
[Info   :Splits Stats] Curr Height: 1685m
[Info   :Voice Volume Saver] Player Joined: catcraze777
[Info   :Splits Stats] Curr Height: 1704m
[Info   :Splits Stats] Curr Height: 1740m
[Info   :Splits Stats] Curr Height: 1746m
[Info   :Splits Stats] Curr Height: 1764m
[Info   :Splits Stats] Curr Height: 1781m
[Info   :Splits Stats] Curr Height: 1807m
[Info   :Splits Stats] Curr Height: 1830m
[Info   :Voice Volume Saver] Player Joined: catcraze777
[Info   :Splits Stats] Curr Height: 1856m
[Info   :Splits Stats] Curr Height: 1888m
[Info   :Splits Stats] Curr Height: 1904m
[Info   :Splits Stats] Updating timer positions...
[Info   :Custom Biome Intros] Selected biome text "PEAK" for biome PEAK!
[Info   :Splits Stats] Updating timer positions...
[Info   :Splits Stats] Updating timer positions...
[Info   :Custom Biome Intros] Using day 1 captions for day 7...
[Info   :Custom Biome Intros] Selected day count text "DAY Seven" for Day 7!
[Info   :Splits Stats] Updating timer positions...
[Info   :Splits Stats] Updating timer positions...
[Info   :Splits Stats] Updating timer positions...
[Info   :Splits Stats] Updating timer positions...
[Info   :Splits Stats] Updating timer positions...
[Info   :Splits Stats] Updating timer positions...
[Info   :Splits Stats] Updating timer positions...
[Info   :Splits Stats] Updating timer positions...
[Info   :Splits Stats] Updating timer positions...
[Info   :Splits Stats] Updating timer positions...
[Info   :Splits Stats] Updating timer positions...
[Info   :Splits Stats] Updating timer positions...
[Info   :Splits Stats] Updating timer positions...
[Info   :Splits Stats] Updating timer positions...
[Info   :Splits Stats] Updating timer positions...
[Info   :Splits Stats] Updating timer positions...
[Info   :Splits Stats] Updating timer positions...
[Info   :Splits Stats] Updating timer positions...
[Info   :Splits Stats] Updating timer positions...
[Info   :Splits Stats] Updating timer positions...
[Info   :Splits Stats] Updating timer positions...
[Info   :Splits Stats] Updating timer positions...
[Info   :Splits Stats] Updating timer positions...
[Info   :Splits Stats] Curr Height: 1911m
[Info   :Splits Stats] Curr Height: 1966m
[Info   :Splits Stats] Curr Height: 1966m
[Info   :Splits Stats] Updating timer positions...
[Info   :Splits Stats] Updating timer positions...
[Info   :Splits Stats] Updating timer positions...
[Info   :Splits Stats] Updating timer positions...
[Info   :Splits Stats] Updating timer positions...
[Info   :Splits Stats] Updating timer positions...
[Info   :Splits Stats] Updating timer positions...
[Info   :Splits Stats] Updating timer positions...
[Info   :Splits Stats] Updating timer positions...
[Info   :Splits Stats] Updating timer positions...
[Info   :Splits Stats] Updating timer positions...
[Info   :Splits Stats] Updating timer positions...
[Info   :Splits Stats] Updating timer positions...
[Info   :Splits Stats] Updating timer positions...
[Info   :Splits Stats] Updating timer positions...
[Info   :Splits Stats] Updating timer positions...
[Info   :Splits Stats] Updating timer positions...
[Info   :Splits Stats] Curr Height: 1980m
[Info   :Splits Stats] Congrats on the win!
[Info   :Splits Stats] Curr Height: 1980m
[Info   :BetterRagdoll] [BetterRagdoll] Force increased to 652
[Info   :Splits Stats] Curr Height: 1980m
[Info   :Settings Extender Forked] Scene loadeeeed: Airport
[Info   :Voice Volume Saver] Player Joined: catcraze777
[Info   :Voice Volume Saver] Player Joined: catcraze777
[Info   :PEAKUnlimited] Left Lobby
[Info   :Settings Extender Forked] Scene loadeeeed: Title
[Info   :Quick Restart] Quick Restart: Main menu detected but auto-click is disabled
[Info   :PEAKUnlimited] Left Lobby
